2020-12-12 19:19:12.332  INFO 14480 --- [restartedMain] c.b.a.AddressBookAppApplication          : Starting AddressBookAppApplication using Java 11.0.8 on DESKTOP-A97QEGT with PID 14480 (C:\Users\Pranav\eclipse-workspace\AddressBookApp\target\classes started by Pranav in C:\Users\Pranav\eclipse-workspace\AddressBookApp)
2020-12-12 19:19:12.333 DEBUG 14480 --- [restartedMain] c.b.a.AddressBookAppApplication          : Running with Spring Boot v2.4.1, Spring v5.3.2
2020-12-12 19:19:12.333  INFO 14480 --- [restartedMain] c.b.a.AddressBookAppApplication          : No active profile set, falling back to default profiles: default
2020-12-12 19:19:13.046  WARN 14480 --- [restartedMain] JpaBaseConfiguration$JpaWebConfiguration : spring.jpa.open-in-view is enabled by default. Therefore, database queries may be performed during view rendering. Explicitly configure spring.jpa.open-in-view to disable this warning
2020-12-12 19:19:13.130  INFO 14480 --- [restartedMain] c.b.a.AddressBookAppApplication          : Started AddressBookAppApplication in 0.875 seconds (JVM running for 1496.236)
2020-12-12 19:19:19.997  INFO 14480 --- [restartedMain] c.b.a.AddressBookAppApplication          : Starting AddressBookAppApplication using Java 11.0.8 on DESKTOP-A97QEGT with PID 14480 (C:\Users\Pranav\eclipse-workspace\AddressBookApp\target\classes started by Pranav in C:\Users\Pranav\eclipse-workspace\AddressBookApp)
2020-12-12 19:19:19.997 DEBUG 14480 --- [restartedMain] c.b.a.AddressBookAppApplication          : Running with Spring Boot v2.4.1, Spring v5.3.2
2020-12-12 19:19:19.997  INFO 14480 --- [restartedMain] c.b.a.AddressBookAppApplication          : No active profile set, falling back to default profiles: default
2020-12-12 19:19:20.534  WARN 14480 --- [restartedMain] JpaBaseConfiguration$JpaWebConfiguration : spring.jpa.open-in-view is enabled by default. Therefore, database queries may be performed during view rendering. Explicitly configure spring.jpa.open-in-view to disable this warning
2020-12-12 19:19:20.637  INFO 14480 --- [restartedMain] c.b.a.AddressBookAppApplication          : Started AddressBookAppApplication in 0.688 seconds (JVM running for 1503.742)
2020-12-12 19:20:52.529  INFO 14480 --- [restartedMain] c.b.a.AddressBookAppApplication          : Starting AddressBookAppApplication using Java 11.0.8 on DESKTOP-A97QEGT with PID 14480 (C:\Users\Pranav\eclipse-workspace\AddressBookApp\target\classes started by Pranav in C:\Users\Pranav\eclipse-workspace\AddressBookApp)
2020-12-12 19:20:52.563 DEBUG 14480 --- [restartedMain] c.b.a.AddressBookAppApplication          : Running with Spring Boot v2.4.1, Spring v5.3.2
2020-12-12 19:20:52.564  INFO 14480 --- [restartedMain] c.b.a.AddressBookAppApplication          : No active profile set, falling back to default profiles: default
2020-12-12 19:20:53.015  WARN 14480 --- [restartedMain] JpaBaseConfiguration$JpaWebConfiguration : spring.jpa.open-in-view is enabled by default. Therefore, database queries may be performed during view rendering. Explicitly configure spring.jpa.open-in-view to disable this warning
2020-12-12 19:20:53.132  INFO 14480 --- [restartedMain] c.b.a.AddressBookAppApplication          : Started AddressBookAppApplication in 0.629 seconds (JVM running for 1596.238)
2020-12-12 19:21:56.384  INFO 14480 --- [restartedMain] c.b.a.AddressBookAppApplication          : Starting AddressBookAppApplication using Java 11.0.8 on DESKTOP-A97QEGT with PID 14480 (C:\Users\Pranav\eclipse-workspace\AddressBookApp\target\classes started by Pranav in C:\Users\Pranav\eclipse-workspace\AddressBookApp)
2020-12-12 19:21:56.385 DEBUG 14480 --- [restartedMain] c.b.a.AddressBookAppApplication          : Running with Spring Boot v2.4.1, Spring v5.3.2
2020-12-12 19:21:56.385  INFO 14480 --- [restartedMain] c.b.a.AddressBookAppApplication          : No active profile set, falling back to default profiles: default
2020-12-12 19:21:56.877  WARN 14480 --- [restartedMain] JpaBaseConfiguration$JpaWebConfiguration : spring.jpa.open-in-view is enabled by default. Therefore, database queries may be performed during view rendering. Explicitly configure spring.jpa.open-in-view to disable this warning
2020-12-12 19:21:56.959  INFO 14480 --- [restartedMain] c.b.a.AddressBookAppApplication          : Started AddressBookAppApplication in 0.607 seconds (JVM running for 1660.065)
2020-12-12 19:23:49.103  INFO 14480 --- [restartedMain] c.b.a.AddressBookAppApplication          : Starting AddressBookAppApplication using Java 11.0.8 on DESKTOP-A97QEGT with PID 14480 (C:\Users\Pranav\eclipse-workspace\AddressBookApp\target\classes started by Pranav in C:\Users\Pranav\eclipse-workspace\AddressBookApp)
2020-12-12 19:23:49.103 DEBUG 14480 --- [restartedMain] c.b.a.AddressBookAppApplication          : Running with Spring Boot v2.4.1, Spring v5.3.2
2020-12-12 19:23:49.103  INFO 14480 --- [restartedMain] c.b.a.AddressBookAppApplication          : No active profile set, falling back to default profiles: default
2020-12-12 19:23:49.515  WARN 14480 --- [restartedMain] JpaBaseConfiguration$JpaWebConfiguration : spring.jpa.open-in-view is enabled by default. Therefore, database queries may be performed during view rendering. Explicitly configure spring.jpa.open-in-view to disable this warning
2020-12-12 19:23:49.594  INFO 14480 --- [restartedMain] c.b.a.AddressBookAppApplication          : Started AddressBookAppApplication in 0.513 seconds (JVM running for 1772.699)
2020-12-12 19:24:03.609  INFO 14480 --- [restartedMain] c.b.a.AddressBookAppApplication          : Starting AddressBookAppApplication using Java 11.0.8 on DESKTOP-A97QEGT with PID 14480 (C:\Users\Pranav\eclipse-workspace\AddressBookApp\target\classes started by Pranav in C:\Users\Pranav\eclipse-workspace\AddressBookApp)
2020-12-12 19:24:03.609  INFO 14480 --- [restartedMain] c.b.a.AddressBookAppApplication          : No active profile set, falling back to default profiles: default
2020-12-12 19:24:04.033  WARN 14480 --- [restartedMain] JpaBaseConfiguration$JpaWebConfiguration : spring.jpa.open-in-view is enabled by default. Therefore, database queries may be performed during view rendering. Explicitly configure spring.jpa.open-in-view to disable this warning
2020-12-12 19:24:04.125  INFO 14480 --- [restartedMain] c.b.a.AddressBookAppApplication          : Started AddressBookAppApplication in 0.542 seconds (JVM running for 1787.231)
2020-12-12 19:24:17.052  INFO 14480 --- [restartedMain] c.b.a.AddressBookAppApplication          : Starting AddressBookAppApplication using Java 11.0.8 on DESKTOP-A97QEGT with PID 14480 (C:\Users\Pranav\eclipse-workspace\AddressBookApp\target\classes started by Pranav in C:\Users\Pranav\eclipse-workspace\AddressBookApp)
2020-12-12 19:24:17.052 DEBUG 14480 --- [restartedMain] c.b.a.AddressBookAppApplication          : Running with Spring Boot v2.4.1, Spring v5.3.2
2020-12-12 19:24:17.052  INFO 14480 --- [restartedMain] c.b.a.AddressBookAppApplication          : No active profile set, falling back to default profiles: default
2020-12-12 19:24:17.460  WARN 14480 --- [restartedMain] JpaBaseConfiguration$JpaWebConfiguration : spring.jpa.open-in-view is enabled by default. Therefore, database queries may be performed during view rendering. Explicitly configure spring.jpa.open-in-view to disable this warning
2020-12-12 19:24:17.543  INFO 14480 --- [restartedMain] c.b.a.AddressBookAppApplication          : Started AddressBookAppApplication in 0.513 seconds (JVM running for 1800.649)
2020-12-12 19:24:41.772  INFO 14480 --- [restartedMain] c.b.a.AddressBookAppApplication          : Starting AddressBookAppApplication using Java 11.0.8 on DESKTOP-A97QEGT with PID 14480 (C:\Users\Pranav\eclipse-workspace\AddressBookApp\target\classes started by Pranav in C:\Users\Pranav\eclipse-workspace\AddressBookApp)
2020-12-12 19:24:41.772 DEBUG 14480 --- [restartedMain] c.b.a.AddressBookAppApplication          : Running with Spring Boot v2.4.1, Spring v5.3.2
2020-12-12 19:24:41.772  INFO 14480 --- [restartedMain] c.b.a.AddressBookAppApplication          : No active profile set, falling back to default profiles: default
2020-12-12 19:24:42.194  WARN 14480 --- [restartedMain] JpaBaseConfiguration$JpaWebConfiguration : spring.jpa.open-in-view is enabled by default. Therefore, database queries may be performed during view rendering. Explicitly configure spring.jpa.open-in-view to disable this warning
2020-12-12 19:24:42.265  INFO 14480 --- [restartedMain] c.b.a.AddressBookAppApplication          : Started AddressBookAppApplication in 0.515 seconds (JVM running for 1825.37)
2020-12-12 19:25:02.429  INFO 14480 --- [restartedMain] c.b.a.AddressBookAppApplication          : Starting AddressBookAppApplication using Java 11.0.8 on DESKTOP-A97QEGT with PID 14480 (C:\Users\Pranav\eclipse-workspace\AddressBookApp\target\classes started by Pranav in C:\Users\Pranav\eclipse-workspace\AddressBookApp)
2020-12-12 19:25:02.429 DEBUG 14480 --- [restartedMain] c.b.a.AddressBookAppApplication          : Running with Spring Boot v2.4.1, Spring v5.3.2
2020-12-12 19:25:02.429  INFO 14480 --- [restartedMain] c.b.a.AddressBookAppApplication          : No active profile set, falling back to default profiles: default
2020-12-12 19:25:02.865  WARN 14480 --- [restartedMain] JpaBaseConfiguration$JpaWebConfiguration : spring.jpa.open-in-view is enabled by default. Therefore, database queries may be performed during view rendering. Explicitly configure spring.jpa.open-in-view to disable this warning
2020-12-12 19:25:03.012  INFO 14480 --- [restartedMain] c.b.a.AddressBookAppApplication          : Started AddressBookAppApplication in 0.608 seconds (JVM running for 1846.118)
2020-12-12 19:25:21.065  INFO 14480 --- [restartedMain] c.b.a.AddressBookAppApplication          : Starting AddressBookAppApplication using Java 11.0.8 on DESKTOP-A97QEGT with PID 14480 (C:\Users\Pranav\eclipse-workspace\AddressBookApp\target\classes started by Pranav in C:\Users\Pranav\eclipse-workspace\AddressBookApp)
2020-12-12 19:25:21.065 DEBUG 14480 --- [restartedMain] c.b.a.AddressBookAppApplication          : Running with Spring Boot v2.4.1, Spring v5.3.2
2020-12-12 19:25:21.065  INFO 14480 --- [restartedMain] c.b.a.AddressBookAppApplication          : No active profile set, falling back to default profiles: default
2020-12-12 19:25:21.438  WARN 14480 --- [restartedMain] JpaBaseConfiguration$JpaWebConfiguration : spring.jpa.open-in-view is enabled by default. Therefore, database queries may be performed during view rendering. Explicitly configure spring.jpa.open-in-view to disable this warning
2020-12-12 19:25:21.510  INFO 14480 --- [restartedMain] c.b.a.AddressBookAppApplication          : Started AddressBookAppApplication in 0.467 seconds (JVM running for 1864.616)
2020-12-12 19:25:35.470  INFO 14480 --- [restartedMain] c.b.a.AddressBookAppApplication          : Starting AddressBookAppApplication using Java 11.0.8 on DESKTOP-A97QEGT with PID 14480 (C:\Users\Pranav\eclipse-workspace\AddressBookApp\target\classes started by Pranav in C:\Users\Pranav\eclipse-workspace\AddressBookApp)
2020-12-12 19:25:35.471  INFO 14480 --- [restartedMain] c.b.a.AddressBookAppApplication          : No active profile set, falling back to default profiles: default
2020-12-12 19:25:35.827  WARN 14480 --- [restartedMain] JpaBaseConfiguration$JpaWebConfiguration : spring.jpa.open-in-view is enabled by default. Therefore, database queries may be performed during view rendering. Explicitly configure spring.jpa.open-in-view to disable this warning
2020-12-12 19:25:35.904  INFO 14480 --- [restartedMain] c.b.a.AddressBookAppApplication          : Started AddressBookAppApplication in 0.455 seconds (JVM running for 1879.009)
2020-12-12 19:26:01.106  INFO 14480 --- [restartedMain] c.b.a.AddressBookAppApplication          : Starting AddressBookAppApplication using Java 11.0.8 on DESKTOP-A97QEGT with PID 14480 (C:\Users\Pranav\eclipse-workspace\AddressBookApp\target\classes started by Pranav in C:\Users\Pranav\eclipse-workspace\AddressBookApp)
2020-12-12 19:26:01.106 DEBUG 14480 --- [restartedMain] c.b.a.AddressBookAppApplication          : Running with Spring Boot v2.4.1, Spring v5.3.2
2020-12-12 19:26:01.106  INFO 14480 --- [restartedMain] c.b.a.AddressBookAppApplication          : No active profile set, falling back to default profiles: default
2020-12-12 19:26:01.522  WARN 14480 --- [restartedMain] JpaBaseConfiguration$JpaWebConfiguration : spring.jpa.open-in-view is enabled by default. Therefore, database queries may be performed during view rendering. Explicitly configure spring.jpa.open-in-view to disable this warning
2020-12-12 19:26:01.615  INFO 14480 --- [restartedMain] c.b.a.AddressBookAppApplication          : Started AddressBookAppApplication in 0.53 seconds (JVM running for 1904.721)
2020-12-12 19:26:14.632  INFO 14480 --- [restartedMain] c.b.a.AddressBookAppApplication          : Starting AddressBookAppApplication using Java 11.0.8 on DESKTOP-A97QEGT with PID 14480 (C:\Users\Pranav\eclipse-workspace\AddressBookApp\target\classes started by Pranav in C:\Users\Pranav\eclipse-workspace\AddressBookApp)
2020-12-12 19:26:14.633 DEBUG 14480 --- [restartedMain] c.b.a.AddressBookAppApplication          : Running with Spring Boot v2.4.1, Spring v5.3.2
2020-12-12 19:26:14.633  INFO 14480 --- [restartedMain] c.b.a.AddressBookAppApplication          : No active profile set, falling back to default profiles: default
2020-12-12 19:26:14.870  INFO 14480 --- [restartedMain] .s.d.r.c.RepositoryConfigurationDelegate : Bootstrapping Spring Data JPA repositories in DEFAULT mode.
2020-12-12 19:26:14.874  INFO 14480 --- [restartedMain] .s.d.r.c.RepositoryConfigurationDelegate : Finished Spring Data repository scanning in 3 ms. Found 0 JPA repository interfaces.
2020-12-12 19:26:14.959  INFO 14480 --- [restartedMain] o.s.b.w.embedded.tomcat.TomcatWebServer  : Tomcat initialized with port(s): 8080 (http)
2020-12-12 19:26:14.960  INFO 14480 --- [restartedMain] o.apache.catalina.core.StandardService   : Starting service [Tomcat]
2020-12-12 19:26:14.960  INFO 14480 --- [restartedMain] org.apache.catalina.core.StandardEngine  : Starting Servlet engine: [Apache Tomcat/9.0.41]
2020-12-12 19:26:14.980  INFO 14480 --- [restartedMain] o.a.c.c.C.[Tomcat].[localhost].[/]       : Initializing Spring embedded WebApplicationContext
2020-12-12 19:26:14.980  INFO 14480 --- [restartedMain] w.s.c.ServletWebServerApplicationContext : Root WebApplicationContext: initialization completed in 345 ms
2020-12-12 19:26:15.018  INFO 14480 --- [restartedMain] com.zaxxer.hikari.HikariDataSource       : HikariPool-26 - Starting...
2020-12-12 19:26:15.031  INFO 14480 --- [restartedMain] com.zaxxer.hikari.HikariDataSource       : HikariPool-26 - Start completed.
2020-12-12 19:26:15.044  INFO 14480 --- [restartedMain] j.LocalContainerEntityManagerFactoryBean : Initialized JPA EntityManagerFactory for persistence unit 'default'
2020-12-12 19:26:15.054  INFO 14480 --- [restartedMain] o.s.b.d.a.OptionalLiveReloadServer       : LiveReload server is running on port 35729
2020-12-12 19:26:15.069  WARN 14480 --- [restartedMain] JpaBaseConfiguration$JpaWebConfiguration : spring.jpa.open-in-view is enabled by default. Therefore, database queries may be performed during view rendering. Explicitly configure spring.jpa.open-in-view to disable this warning
2020-12-12 19:26:15.094  INFO 14480 --- [restartedMain] o.s.s.concurrent.ThreadPoolTaskExecutor  : Initializing ExecutorService 'applicationTaskExecutor'
2020-12-12 19:26:15.140  INFO 14480 --- [restartedMain] o.s.b.w.embedded.tomcat.TomcatWebServer  : Tomcat started on port(s): 8080 (http) with context path ''
2020-12-12 19:26:15.147  INFO 14480 --- [restartedMain] c.b.a.AddressBookAppApplication          : Started AddressBookAppApplication in 0.543 seconds (JVM running for 1918.253)
2020-12-12 19:26:15.149  INFO 14480 --- [restartedMain] .ConditionEvaluationDeltaLoggingListener : Condition evaluation unchanged
2020-12-12 19:26:36.226  INFO 14480 --- [Thread-143] o.s.s.concurrent.ThreadPoolTaskExecutor  : Shutting down ExecutorService 'applicationTaskExecutor'
2020-12-12 19:26:36.227  INFO 14480 --- [Thread-143] j.LocalContainerEntityManagerFactoryBean : Closing JPA EntityManagerFactory for persistence unit 'default'
2020-12-12 19:26:36.227  INFO 14480 --- [Thread-143] com.zaxxer.hikari.HikariDataSource       : HikariPool-26 - Shutdown initiated...
2020-12-12 19:26:36.237  INFO 14480 --- [Thread-143] com.zaxxer.hikari.HikariDataSource       : HikariPool-26 - Shutdown completed.
2020-12-12 19:26:36.331  INFO 14480 --- [restartedMain] c.b.a.AddressBookAppApplication          : Starting AddressBookAppApplication using Java 11.0.8 on DESKTOP-A97QEGT with PID 14480 (C:\Users\Pranav\eclipse-workspace\AddressBookApp\target\classes started by Pranav in C:\Users\Pranav\eclipse-workspace\AddressBookApp)
2020-12-12 19:26:36.332 DEBUG 14480 --- [restartedMain] c.b.a.AddressBookAppApplication          : Running with Spring Boot v2.4.1, Spring v5.3.2
2020-12-12 19:26:36.332  INFO 14480 --- [restartedMain] c.b.a.AddressBookAppApplication          : No active profile set, falling back to default profiles: default
2020-12-12 19:26:36.712  WARN 14480 --- [restartedMain] JpaBaseConfiguration$JpaWebConfiguration : spring.jpa.open-in-view is enabled by default. Therefore, database queries may be performed during view rendering. Explicitly configure spring.jpa.open-in-view to disable this warning
2020-12-12 19:26:36.784  INFO 14480 --- [restartedMain] c.b.a.AddressBookAppApplication          : Started AddressBookAppApplication in 0.48 seconds (JVM running for 1939.89)
2020-12-12 19:27:05.479  INFO 11032 --- [restartedMain] c.b.a.AddressBookApplication             : Starting AddressBookApplication using Java 11.0.8 on DESKTOP-A97QEGT with PID 11032 (C:\Users\Pranav\eclipse-workspace\AddressBookApp\target\classes started by Pranav in C:\Users\Pranav\eclipse-workspace\AddressBookApp)
2020-12-12 19:27:05.483 DEBUG 11032 --- [restartedMain] c.b.a.AddressBookApplication             : Running with Spring Boot v2.4.1, Spring v5.3.2
2020-12-12 19:27:05.483  INFO 11032 --- [restartedMain] c.b.a.AddressBookApplication             : No active profile set, falling back to default profiles: default
2020-12-12 19:27:08.251  WARN 11032 --- [restartedMain] JpaBaseConfiguration$JpaWebConfiguration : spring.jpa.open-in-view is enabled by default. Therefore, database queries may be performed during view rendering. Explicitly configure spring.jpa.open-in-view to disable this warning
2020-12-12 19:27:08.605  INFO 11032 --- [restartedMain] c.b.a.AddressBookApplication             : Started AddressBookApplication in 3.587 seconds (JVM running for 4.621)
2020-12-12 19:27:08.609  INFO 11032 --- [restartedMain] c.b.a.AddressBookApplication             : Address Book Application Started
2020-12-12 19:27:08.609  INFO 11032 --- [restartedMain] c.b.a.AddressBookApplication             : Address Book Application Started
2020-12-12 19:27:08.609  INFO 11032 --- [restartedMain] c.b.a.AddressBookApplication             : Address Book Application Started
2020-12-12 19:27:19.500  INFO 11032 --- [restartedMain] c.b.a.AddressBookApplication             : Starting AddressBookApplication using Java 11.0.8 on DESKTOP-A97QEGT with PID 11032 (C:\Users\Pranav\eclipse-workspace\AddressBookApp\target\classes started by Pranav in C:\Users\Pranav\eclipse-workspace\AddressBookApp)
2020-12-12 19:27:19.501 DEBUG 11032 --- [restartedMain] c.b.a.AddressBookApplication             : Running with Spring Boot v2.4.1, Spring v5.3.2
2020-12-12 19:27:19.501  INFO 11032 --- [restartedMain] c.b.a.AddressBookApplication             : No active profile set, falling back to default profiles: default
2020-12-12 19:27:19.920  WARN 11032 --- [restartedMain] JpaBaseConfiguration$JpaWebConfiguration : spring.jpa.open-in-view is enabled by default. Therefore, database queries may be performed during view rendering. Explicitly configure spring.jpa.open-in-view to disable this warning
2020-12-12 19:27:20.035  INFO 11032 --- [restartedMain] c.b.a.AddressBookApplication             : Started AddressBookApplication in 0.563 seconds (JVM running for 16.05)
2020-12-12 19:27:20.037  INFO 11032 --- [restartedMain] c.b.a.AddressBookApplication             : Address Book Application Started
2020-12-12 19:27:20.037  INFO 11032 --- [restartedMain] c.b.a.AddressBookApplication             : Address Book Application Started
2020-12-12 19:27:20.038  INFO 11032 --- [restartedMain] c.b.a.AddressBookApplication             : Address Book Application Started
